# JRE version: Java(TM) SE Runtime Environment (8.0_144-b01) (build 1.8.0_144-b01)
# Java VM: Java HotSpot(TM) 64-Bit Server VM (25.144-b01 mixed mode linux-amd64 compressed oops)
Heap:
 PSYoungGen      total 75264K, used 50887K [0x00000000d6700000, 0x00000000dbe80000, 0x0000000100000000)
  eden space 62976K, 62% used [0x00000000d6700000,0x00000000d8db5cc0,0x00000000da480000)
  from space 12288K, 91% used [0x00000000da580000,0x00000000db07bf88,0x00000000db180000)
  to   space 13312K, 0% used [0x00000000db180000,0x00000000db180000,0x00000000dbe80000)
 ParOldGen       total 90624K, used 18118K [0x0000000083400000, 0x0000000088c80000, 0x00000000d6700000)
  object space 90624K, 19% used [0x0000000083400000,0x00000000845b1910,0x0000000088c80000)
 Metaspace       used 53305K, capacity 54000K, committed 54144K, reserved 1097728K
  class space    used 5860K, capacity 6016K, committed 6016K, reserved 1048576K
GC Heap History (10 events):
Event: 27.232 GC heap before
{Heap before GC invocations=7 (full 1):
 PSYoungGen      total 69632K, used 43933K [0x00000000d6700000, 0x00000000dbb80000, 0x0000000100000000)
  eden space 64512K, 60% used [0x00000000d6700000,0x00000000d8ce85e8,0x00000000da600000)
  from space 5120K, 99% used [0x00000000da600000,0x00000000daafeec0,0x00000000dab00000)
  to   space 8192K, 0% used [0x00000000db380000,0x00000000db380000,0x00000000dbb80000)
 ParOldGen       total 58880K, used 7342K [0x0000000083400000, 0x0000000086d80000, 0x00000000d6700000)
  object space 58880K, 12% used [0x0000000083400000,0x0000000083b2bb70,0x0000000086d80000)
 Metaspace       used 35043K, capacity 35336K, committed 35456K, reserved 1081344K
  class space    used 3799K, capacity 3920K, committed 3968K, reserved 1048576K
Event: 27.244 GC heap after
Heap after GC invocations=7 (full 1):
 PSYoungGen      total 76288K, used 8174K [0x00000000d6700000, 0x00000000dd380000, 0x0000000100000000)
  eden space 68096K, 0% used [0x00000000d6700000,0x00000000d6700000,0x00000000da980000)
  from space 8192K, 99% used [0x00000000db380000,0x00000000dbb7b948,0x00000000dbb80000)
  to   space 10240K, 0% used [0x00000000da980000,0x00000000da980000,0x00000000db380000)
 ParOldGen       total 58880K, used 9434K [0x0000000083400000, 0x0000000086d80000, 0x00000000d6700000)
  object space 58880K, 16% used [0x0000000083400000,0x0000000083d36ab0,0x0000000086d80000)
 Metaspace       used 35043K, capacity 35336K, committed 35456K, reserved 1081344K
  class space    used 3799K, capacity 3920K, committed 3968K, reserved 1048576K
}
Event: 27.244 GC heap before
{Heap before GC invocations=8 (full 2):
 PSYoungGen      total 76288K, used 8174K [0x00000000d6700000, 0x00000000dd380000, 0x0000000100000000)
  eden space 68096K, 0% used [0x00000000d6700000,0x00000000d6700000,0x00000000da980000)
  from space 8192K, 99% used [0x00000000db380000,0x00000000dbb7b948,0x00000000dbb80000)
  to   space 10240K, 0% used [0x00000000da980000,0x00000000da980000,0x00000000db380000)
 ParOldGen       total 58880K, used 9434K [0x0000000083400000, 0x0000000086d80000, 0x00000000d6700000)
  object space 58880K, 16% used [0x0000000083400000,0x0000000083d36ab0,0x0000000086d80000)
 Metaspace       used 35043K, capacity 35336K, committed 35456K, reserved 1081344K
  class space    used 3799K, capacity 3920K, committed 3968K, reserved 1048576K
Event: 27.295 GC heap after
Heap after GC invocations=8 (full 2):
 PSYoungGen      total 76288K, used 0K [0x00000000d6700000, 0x00000000dd380000, 0x0000000100000000)
  eden space 68096K, 0% used [0x00000000d6700000,0x00000000d6700000,0x00000000da980000)
  from space 8192K, 0% used [0x00000000db380000,0x00000000db380000,0x00000000dbb80000)
  to   space 10240K, 0% used [0x00000000da980000,0x00000000da980000,0x00000000db380000)
 ParOldGen       total 90624K, used 14578K [0x0000000083400000, 0x0000000088c80000, 0x00000000d6700000)
  object space 90624K, 16% used [0x0000000083400000,0x000000008423cb00,0x0000000088c80000)
 Metaspace       used 35043K, capacity 35336K, committed 35456K, reserved 1081344K
  class space    used 3799K, capacity 3920K, committed 3968K, reserved 1048576K
}
Event: 365.061 GC heap before
{Heap before GC invocations=9 (full 2):
 PSYoungGen      total 76288K, used 68096K [0x00000000d6700000, 0x00000000dd380000, 0x0000000100000000)
  eden space 68096K, 100% used [0x00000000d6700000,0x00000000da980000,0x00000000da980000)
  from space 8192K, 0% used [0x00000000db380000,0x00000000db380000,0x00000000dbb80000)
  to   space 10240K, 0% used [0x00000000da980000,0x00000000da980000,0x00000000db380000)
 ParOldGen       total 90624K, used 14578K [0x0000000083400000, 0x0000000088c80000, 0x00000000d6700000)
  object space 90624K, 16% used [0x0000000083400000,0x000000008423cb00,0x0000000088c80000)
 Metaspace       used 43394K, capacity 43890K, committed 44032K, reserved 1087488K
  class space    used 4842K, capacity 4993K, committed 5120K, reserved 1048576K
Event: 365.070 GC heap after
Heap after GC invocations=9 (full 2):
 PSYoungGen      total 73728K, used 6950K [0x00000000d6700000, 0x00000000dbb00000, 0x0000000100000000)
  eden space 66560K, 0% used [0x00000000d6700000,0x00000000d6700000,0x00000000da800000)
  from space 7168K, 96% used [0x00000000da980000,0x00000000db049b78,0x00000000db080000)
  to   space 9728K, 0% used [0x00000000db180000,0x00000000db180000,0x00000000dbb00000)
 ParOldGen       total 90624K, used 14586K [0x0000000083400000, 0x0000000088c80000, 0x00000000d6700000)
  object space 90624K, 16% used [0x0000000083400000,0x000000008423eb00,0x0000000088c80000)
 Metaspace       used 43394K, capacity 43890K, committed 44032K, reserved 1087488K
  class space    used 4842K, capacity 4993K, committed 5120K, reserved 1048576K
}
Event: 366.069 GC heap before
{Heap before GC invocations=10 (full 2):
 PSYoungGen      total 73728K, used 73510K [0x00000000d6700000, 0x00000000dbb00000, 0x0000000100000000)
  eden space 66560K, 100% used [0x00000000d6700000,0x00000000da800000,0x00000000da800000)
  from space 7168K, 96% used [0x00000000da980000,0x00000000db049b78,0x00000000db080000)
  to   space 9728K, 0% used [0x00000000db180000,0x00000000db180000,0x00000000dbb00000)
 ParOldGen       total 90624K, used 14586K [0x0000000083400000, 0x0000000088c80000, 0x00000000d6700000)
  object space 90624K, 16% used [0x0000000083400000,0x000000008423eb00,0x0000000088c80000)
 Metaspace       used 51431K, capacity 52174K, committed 52352K, reserved 1095680K
  class space    used 5713K, capacity 5892K, committed 6016K, reserved 1048576K
Event: 366.080 GC heap after
Heap after GC invocations=10 (full 2):
 PSYoungGen      total 73728K, used 9727K [0x00000000d6700000, 0x00000000de100000, 0x0000000100000000)
  eden space 64000K, 0% used [0x00000000d6700000,0x00000000d6700000,0x00000000da580000)
  from space 9728K, 99% used [0x00000000db180000,0x00000000dbaffe30,0x00000000dbb00000)
  to   space 12288K, 0% used [0x00000000da580000,0x00000000da580000,0x00000000db180000)
 ParOldGen       total 90624K, used 18110K [0x0000000083400000, 0x0000000088c80000, 0x00000000d6700000)
  object space 90624K, 19% used [0x0000000083400000,0x00000000845af910,0x0000000088c80000)
 Metaspace       used 51431K, capacity 52174K, committed 52352K, reserved 1095680K
  class space    used 5713K, capacity 5892K, committed 6016K, reserved 1048576K
}
Event: 933.762 GC heap before
{Heap before GC invocations=11 (full 2):
 PSYoungGen      total 73728K, used 73727K [0x00000000d6700000, 0x00000000de100000, 0x0000000100000000)
  eden space 64000K, 100% used [0x00000000d6700000,0x00000000da580000,0x00000000da580000)
  from space 9728K, 99% used [0x00000000db180000,0x00000000dbaffe30,0x00000000dbb00000)
  to   space 12288K, 0% used [0x00000000da580000,0x00000000da580000,0x00000000db180000)
 ParOldGen       total 90624K, used 18110K [0x0000000083400000, 0x0000000088c80000, 0x00000000d6700000)
  object space 90624K, 19% used [0x0000000083400000,0x00000000845af910,0x0000000088c80000)
 Metaspace       used 53047K, capacity 53766K, committed 53888K, reserved 1097728K
  class space    used 5855K, capacity 6009K, committed 6016K, reserved 1048576K
Event: 933.785 GC heap after
Heap after GC invocations=11 (full 2):
 PSYoungGen      total 75264K, used 11247K [0x00000000d6700000, 0x00000000dbe80000, 0x0000000100000000)
  eden space 62976K, 0% used [0x00000000d6700000,0x00000000d6700000,0x00000000da480000)
  from space 12288K, 91% used [0x00000000da580000,0x00000000db07bf88,0x00000000db180000)
  to   space 13312K, 0% used [0x00000000db180000,0x00000000db180000,0x00000000dbe80000)
 ParOldGen       total 90624K, used 18118K [0x0000000083400000, 0x0000000088c80000, 0x00000000d6700000)
  object space 90624K, 19% used [0x0000000083400000,0x00000000845b1910,0x0000000088c80000)
 Metaspace       used 53047K, capacity 53766K, committed 53888K, reserved 1097728K
  class space    used 5855K, capacity 6009K, committed 6016K, reserved 1048576K
}

